Arguments: 
  D:\Program Files\nodejs\node.exe C:\Users\16119\AppData\Roaming\npm\node_modules\yarn\bin\yarn.js

PATH: 
  C:\Users\16119\bin;D:\Git\mingw64\bin;D:\Git\usr\local\bin;D:\Git\usr\bin;D:\Git\usr\bin;D:\Git\mingw64\bin;D:\Git\usr\bin;C:\Users\16119\bin;C:\windows\system32;C:\windows;C:\windows\System32\Wbem;C:\windows\System32\WindowsPowerShell\v1.0;C:\windows\System32\OpenSSH;C:\Program Files (x86)\NVIDIA Corporation\PhysX\Common;C:\Program Files\Intel\WiFi\bin;C:\Program Files\Common Files\Intel\WirelessCommon;C:\WINDOWS\system32;C:\WINDOWS;C:\WINDOWS\System32\Wbem;C:\WINDOWS\System32\WindowsPowerShell\v1.0;C:\WINDOWS\System32\OpenSSH;D:\Program Files\nodejs;D:\Git\cmd;C:\Program Files\Docker\Docker\resources\bin;C:\ProgramData\DockerDesktop\version-bin;C:\Users\16119\.cargo\bin;C:\Users\16119\AppData\Local\Microsoft\WindowsApps;C:\Users\16119\AppData\Local\atom\bin;D:\Fiddler;D:\Weex Studio\bin;C:\Users\16119\AppData\Local\Microsoft\WindowsApps;D:\VS Code\bin;C:\Users\16119\AppData\Roaming\npm;D:\Git\usr\bin\vendor_perl;D:\Git\usr\bin\core_perl

Yarn version: 
  1.13.0

Node version: 
  12.16.2

Platform: 
  win32 x64

Trace: 
  SyntaxError: F:\个人学习\Webpack实践-基于拉勾教育系列\multi-pro-build\package.json: Unexpected end of JSON input
      at JSON.parse (<anonymous>)
      at C:\Users\16119\AppData\Roaming\npm\node_modules\yarn\lib\cli.js:1625:59
      at Generator.next (<anonymous>)
      at step (C:\Users\16119\AppData\Roaming\npm\node_modules\yarn\lib\cli.js:304:30)
      at C:\Users\16119\AppData\Roaming\npm\node_modules\yarn\lib\cli.js:315:13

npm manifest: 
  

yarn manifest: 
  No manifest

Lockfile: 
  No lockfile
